<?xml version="1.0" encoding="UTF-8"?>
<!-- Generated by org.testng.reporters.JUnitReportReporter -->
<testsuite skipped="0" hostname="WIN-BE6PFADQ28D" name="com.Authentication.premitive" tests="1" failures="0" timestamp="26 May 2019 05:08:01 GMT" time="11.095" errors="0">
  <testcase name="preauth" time="11.095" classname="com.Authentication.premitive"/>
</testsuite> <!-- com.Authentication.premitive -->
