<?xml version="1.0" encoding="UTF-8"?>
<!-- Generated by org.testng.reporters.JUnitReportReporter -->
<testsuite skipped="0" hostname="WIN-BE6PFADQ28D" name="com.TestApi.TestCase.TC_Get" tests="6" failures="0" timestamp="25 May 2019 12:04:50 GMT" time="0.041" errors="0">
  <testcase name="checkcontentEncoding" time="0.001" classname="com.TestApi.TestCase.TC_Get"/>
  <testcase name="checkContentType" time="0.007" classname="com.TestApi.TestCase.TC_Get"/>
  <testcase name="checkstatusLine" time="0.002" classname="com.TestApi.TestCase.TC_Get"/>
  <testcase name="checkStatusCode" time="0.003" classname="com.TestApi.TestCase.TC_Get"/>
  <testcase name="checkserverType" time="0.002" classname="com.TestApi.TestCase.TC_Get"/>
  <testcase name="checkResponseBody" time="0.026" classname="com.TestApi.TestCase.TC_Get"/>
</testsuite> <!-- com.TestApi.TestCase.TC_Get -->
